<?xml version="1.0" encoding="UTF-8"?>
<!-- Generated by org.testng.reporters.JUnitReportReporter -->
<testsuite skipped="0" hostname="DESKTOP-JI0RVN1" name="com.Radius.qa.TestCases.LoginPage_Test" tests="4" failures="0" timestamp="08 Nov 2018 19:30:02 GMT" time="95.539" errors="0">
  <testcase name="ForgotPasswordTest" time="24.437" classname="com.Radius.qa.TestCases.LoginPage_Test"/>
  <testcase name="Logo_Test" time="21.639" classname="com.Radius.qa.TestCases.LoginPage_Test"/>
  <testcase name="SignUpTest" time="23.201" classname="com.Radius.qa.TestCases.LoginPage_Test"/>
  <testcase name="Verify_LoginTest" time="26.262" classname="com.Radius.qa.TestCases.LoginPage_Test"/>
</testsuite> <!-- com.Radius.qa.TestCases.LoginPage_Test -->
